build/app/outputs/mapping/release/seeds.txt
com.example.online_pharmacy_assignment.MainActivity
com.example.online_pharmacy_assignment.MainActivity: MainActivity()
...
androidx.window.embedding.EmbeddingBackend: void registerSplitListenerForActivity(android.app.Activity,java.util.concurrent.Executor,androidx.core.util.Consumer)
androidx.window.core.Bounds: int hashCode()
io.flutter.embedding.engine.renderer.FlutterRenderer$DisplayFeatureState: io.flutter.embedding.engine.renderer.FlutterRenderer$DisplayFeatureState valueOf(java.lang.String)
androidx.window.embedding.ExtensionEmbeddingBackend$SplitListenerWrapper: void accept$lambda-1(androidx.window.embedding.ExtensionEmbeddingBackend$SplitListenerWrapper,java.util.List)
androidx.window.embedding.ActivityStack: java.lang.String toString()
io.flutter.plugin.editing.ImeSyncDeferringInsetsCallback$AnimationCallback: ImeSyncDeferringInsetsCallback$AnimationCallback(io.flutter.plugin.editing.ImeSyncDeferringInsetsCallback)
androidx.window.embedding.EmbeddingInterfaceCompat$EmbeddingCallbackInterface: void onSplitInfoChanged(java.util.List)
io.flutter.embedding.engine.FlutterJNI: boolean isCodePointVariantSelector(int)
androidx.window.embedding.ExtensionEmbeddingBackend: void setSplitRules(java.util.Set)
androidx.window.layout.WindowMetricsCalculatorCompat: void getRectSizeFromDisplay(android.app.Activity,android.graphics.Rect)
io.flutter.embedding.engine.FlutterJNI: void destroyOverlaySurfaces()
androidx.window.embedding.SplitPairFilter: boolean matchesActivityIntentPair(android.app.Activity,android.content.Intent)
androidx.window.layout.WindowMetrics: WindowMetrics(android.graphics.Rect)
androidx.window.embedding.SplitRule$Api30Impl: SplitRule$Api30Impl()
kotlin.coroutines.jvm.internal.SuspendLambda: int getArity()
androidx.window.layout.FoldingFeature$State$Companion: FoldingFeature$State$Companion(kotlin.jvm.internal.DefaultConstructorMarker)
androidx.window.layout.SidecarWindowBackend$WindowLayoutChangeCallbackWrapper: androidx.window.layout.WindowLayoutInfo getLastInfo()
io.flutter.embedding.engine.FlutterJNI: boolean nativeFlutterTextUtilsIsVariationSelector(int)
androidx.window.layout.WindowMetricsCalculator$-CC: androidx.window.layout.WindowMetricsCalculator getOrCreate()
androidx.window.embedding.EmbeddingBackend: void setSplitRules(java.util.Set)
io.flutter.embedding.engine.FlutterJNI: void loadDartDeferredLibrary(int,java.lang.String[])
kotlin.coroutines.jvm.internal.ContinuationImpl: ContinuationImpl(kotlin.coroutines.Continuation,kotlin.coroutines.CoroutineContext)
kotlinx.coroutines.android.AndroidDispatcherFactory: AndroidDispatcherFactory()
io.flutter.embedding.android.FlutterImageView: io.flutter.embedding.engine.renderer.FlutterRenderer getAttachedRenderer()
io.flutter.embedding.engine.FlutterJNI: boolean isCodePointEmojiModifier(int)
androidx.window.embedding.SplitInfo: boolean contains(android.app.Activity)
androidx.window.layout.SidecarWindowBackend: void getWindowLayoutChangeCallbacks$annotations()
androidx.window.layout.SidecarWindowBackend$ExtensionListenerImpl: SidecarWindowBackend$ExtensionListenerImpl(androidx.window.layout.SidecarWindowBackend)
io.flutter.embedding.android.FlutterView: io.flutter.plugin.common.BinaryMessenger getBinaryMessenger()
androidx.window.embedding.ActivityRule: boolean equals(java.lang.Object)
androidx.window.layout.DisplayCompatHelperApi28: DisplayCompatHelperApi28()
io.flutter.embedding.engine.systemchannels.PlatformChannel$SystemUiOverlay: io.flutter.embedding.engine.systemchannels.PlatformChannel$SystemUiOverlay valueOf(java.lang.String)
io.flutter.view.AccessibilityBridge$AccessibilityFeature: io.flutter.view.AccessibilityBridge$AccessibilityFeature[] values()
androidx.window.embedding.SplitPairRule: SplitPairRule(java.util.Set,boolean,boolean,boolean,int,int,float,int)
androidx.window.java.layout.WindowInfoTrackerCallbackAdapter: WindowInfoTrackerCallbackAdapter(androidx.window.layout.WindowInfoTracker)