build/app/outputs/mapping/release/mapping.txt
# compiler: R8
# compiler_version: 3.1.66
# min_api: 16
# pg_map_id: 2b49fe5
# common_typos_disable
# {"id":"com.android.tools.r8.mapping","version":"1.0"}
...
io.flutter.plugin.platform.PlatformPlugin -> io.flutter.plugin.platform.b:
    io.flutter.plugin.platform.PlatformPlugin$PlatformPluginDelegate platformPluginDelegate -> c
    io.flutter.embedding.engine.systemchannels.PlatformChannel$SystemChromeStyle currentTheme -> d
    io.flutter.embedding.engine.systemchannels.PlatformChannel$PlatformMessageHandler mPlatformMessageHandler -> f
    int mEnabledOverlays -> e
    android.app.Activity activity -> a
    io.flutter.embedding.engine.systemchannels.PlatformChannel platformChannel -> b
    void updateSystemUiOverlays() -> A
    void vibrateHapticFeedback(io.flutter.embedding.engine.systemchannels.PlatformChannel$HapticFeedbackType) -> B
    void access$000(io.flutter.plugin.platform.PlatformPlugin,io.flutter.embedding.engine.systemchannels.PlatformChannel$SoundType) -> a
    void access$100(io.flutter.plugin.platform.PlatformPlugin,int) -> b
    void access$1000(io.flutter.plugin.platform.PlatformPlugin,java.lang.String) -> c
    boolean access$1100(io.flutter.plugin.platform.PlatformPlugin) -> d
    io.flutter.embedding.engine.systemchannels.PlatformChannel access$1200(io.flutter.plugin.platform.PlatformPlugin) -> e
    void access$200(io.flutter.plugin.platform.PlatformPlugin,io.flutter.embedding.engine.systemchannels.PlatformChannel$AppSwitcherDescription) -> f
    void access$300(io.flutter.plugin.platform.PlatformPlugin,java.util.List) -> g
io.flutter.plugin.platform.PlatformPlugin$1 -> io.flutter.plugin.platform.b$a:
    io.flutter.plugin.platform.PlatformPlugin this$0 -> a
    void setSystemUiChangeListener() -> a
    void setSystemUiOverlayStyle(io.flutter.embedding.engine.systemchannels.PlatformChannel$SystemChromeStyle) -> b
    void popSystemNavigator() -> c
    void setPreferredOrientations(int) -> d
    void showSystemOverlays(java.util.List) -> e
    void setApplicationSwitcherDescription(io.flutter.embedding.engine.systemchannels.PlatformChannel$AppSwitcherDescription) -> f
    void restoreSystemUiOverlays() -> g
    void setClipboardData(java.lang.String) -> h
    boolean clipboardHasStrings() -> i
    void playSystemSound(io.flutter.embedding.engine.systemchannels.PlatformChannel$SoundType) -> j
    void showSystemUiMode(io.flutter.embedding.engine.systemchannels.PlatformChannel$SystemUiMode) -> k
    void vibrateHapticFeedback(io.flutter.embedding.engine.systemchannels.PlatformChannel$HapticFeedbackType) -> l
    java.lang.CharSequence getClipboardData(io.flutter.embedding.engine.systemchannels.PlatformChannel$ClipboardContentFormat) -> m
io.flutter.plugin.platform.PlatformPlugin$2 -> io.flutter.plugin.platform.b$b:
    io.flutter.plugin.platform.PlatformPlugin this$0 -> a
io.flutter.plugin.platform.PlatformPlugin$3 -> io.flutter.plugin.platform.b$c:
    int[] $SwitchMap$io$flutter$embedding$engine$systemchannels$PlatformChannel$SystemUiOverlay -> b
    int[] $SwitchMap$io$flutter$embedding$engine$systemchannels$PlatformChannel$Brightness -> c
    int[] $SwitchMap$io$flutter$embedding$engine$systemchannels$PlatformChannel$HapticFeedbackType -> a
io.flutter.plugin.platform.PlatformPlugin$PlatformPluginDelegate -> io.flutter.plugin.platform.b$d:
    boolean popSystemNavigator() -> c
io.flutter.plugin.platform.PlatformView -> io.flutter.plugin.platform.c:
    void dispose() -> b
    void onInputConnectionUnlocked() -> c
    void onInputConnectionLocked() -> d
    void onFlutterViewAttached(android.view.View) -> e
    void onFlutterViewDetached() -> f
    android.view.View getView() -> g
io.flutter.plugin.platform.PlatformViewFactory -> io.flutter.plugin.platform.d:
    io.flutter.plugin.common.MessageCodec createArgsCodec -> a
    io.flutter.plugin.platform.PlatformView create(android.content.Context,int,java.lang.Object) -> a
    io.flutter.plugin.common.MessageCodec getCreateArgsCodec() -> b
io.flutter.plugin.platform.PlatformViewRegistry -> io.flutter.plugin.platform.e: