build/app/outputs/mapping/release/usage.txt
com.example.online_pharmacy_assignment.BuildConfig
com.example.online_pharmacy_assignment.R$attr
com.example.online_pharmacy_assignment.R$color
com.example.online_pharmacy_assignment.R$dimen
com.example.online_pharmacy_assignment.R$drawable
com.example.online_pharmacy_assignment.R$id
com.example.online_pharmacy_assignment.R$integer
com.example.online_pharmacy_assignment.R$layout
com.example.online_pharmacy_assignment.R$mipmap
com.example.online_pharmacy_assignment.R$string
com.example.online_pharmacy_assignment.R$style
com.example.online_pharmacy_assignment.R$styleable
com.example.online_pharmacy_assignment.R
...
com.google.common.collect.ImmutableRangeSet$AsSetSerializedForm
com.google.common.collect.ImmutableRangeSet$Builder
com.google.common.collect.ImmutableRangeSet$ComplementRanges
com.google.common.collect.ImmutableRangeSet$SerializedForm
com.google.common.collect.ImmutableRangeSet
com.google.common.collect.ImmutableSet$Builder
com.google.common.collect.ImmutableSet$SerializedForm
com.google.common.collect.ImmutableSet
com.google.common.collect.ImmutableSetMultimap$Builder
com.google.common.collect.ImmutableSetMultimap$EntrySet
com.google.common.collect.ImmutableSetMultimap$SetFieldSettersHolder
com.google.common.collect.ImmutableSetMultimap
com.google.common.collect.ImmutableSortedMap$1
com.google.common.collect.ImmutableSortedMap$1EntrySet$1
com.google.common.collect.ImmutableSortedMap$1EntrySet
com.google.common.collect.ImmutableSortedMap$Builder
com.google.common.collect.ImmutableSortedMap$SerializedForm
com.google.common.collect.ImmutableSortedMap
com.google.common.collect.ImmutableSortedMapFauxverideShim
com.google.common.collect.ImmutableSortedMultiset$Builder
com.google.common.collect.ImmutableSortedMultiset$SerializedForm
com.google.common.collect.ImmutableSortedMultiset
com.google.common.collect.ImmutableSortedMultisetFauxverideShim
com.google.common.collect.ImmutableSortedSet$Builder
com.google.common.collect.ImmutableSortedSet$SerializedForm
com.google.common.collect.ImmutableSortedSet
com.google.common.collect.ImmutableSortedSetFauxverideShim
com.google.common.collect.ImmutableTable$Builder
com.google.common.collect.ImmutableTable$SerializedForm
com.google.common.collect.ImmutableTable
com.google.common.collect.IndexedImmutableSet$1
com.google.common.collect.IndexedImmutableSet
com.google.common.collect.Interner
com.google.common.collect.Interners$1
com.google.common.collect.Interners$InternerBuilder
com.google.common.collect.Interners$InternerFunction
com.google.common.collect.Interners$InternerImpl
com.google.common.collect.Interners
com.google.common.collect.Iterables$10
com.google.common.collect.Iterables$1
com.google.common.collect.Iterables$2
com.google.common.collect.Iterables$3
com.google.common.collect.Iterables$4
com.google.common.collect.Iterables$5
com.google.common.collect.Iterables$6$1
com.google.common.collect.Iterables$6
com.google.common.collect.Iterables$7
com.google.common.collect.Iterables$8
com.google.common.collect.Iterables$9
com.google.common.collect.Iterables$UnmodifiableIterable
com.google.common.collect.Iterables
com.google.common.collect.Iterators$10
com.google.common.collect.Iterators$11
com.google.common.collect.Iterators$1
com.google.common.collect.Iterators$2
com.google.common.collect.Iterators$3
com.google.common.collect.Iterators$4
com.google.common.collect.Iterators$5
com.google.common.collect.Iterators$6
com.google.common.collect.Iterators$7
com.google.common.collect.Iterators$8
com.google.common.collect.Iterators$9
com.google.common.collect.Iterators$ArrayItr
com.google.common.collect.Iterators$ConcatenatedIterator
com.google.common.collect.Iterators$EmptyModifiableIterator
com.google.common.collect.Iterators$MergingIterator$1
com.google.common.collect.Iterators$MergingIterator
com.google.common.collect.Iterators$PeekingImpl
com.google.common.collect.Iterators
com.google.common.collect.LexicographicalOrdering
com.google.common.collect.LinkedHashMultimap$1
com.google.common.collect.LinkedHashMultimap$ValueEntry
com.google.common.collect.LinkedHashMultimap$ValueSet$1
com.google.common.collect.LinkedHashMultimap$ValueSet
com.google.common.collect.LinkedHashMultimap$ValueSetLink
com.google.common.collect.LinkedHashMultimap
com.google.common.collect.LinkedHashMultimapGwtSerializationDependencies
com.google.common.collect.LinkedHashMultiset
com.google.common.collect.LinkedListMultimap$1
com.google.common.collect.LinkedListMultimap$1EntriesImpl
com.google.common.collect.LinkedListMultimap$1KeySetImpl
com.google.common.collect.LinkedListMultimap$1ValuesImpl$1